<?xml version="1.0" encoding="UTF-8"?>
<testng-results skipped="0" failed="1" total="9" passed="8">
  <reporter-output>
    <line>
      <![CDATA[name = setup phase:  beforeSuiteConfiguration]]>
    </line>
    <line>
      <![CDATA[before passed tests = 0]]>
    </line>
    <line>
      <![CDATA[after passed tests = 0]]>
    </line>
    <line>
      <![CDATA[onStart Surefire test]]>
    </line>
    <line>
      <![CDATA[name = setState phase:  beforeTestConfiguration]]>
    </line>
    <line>
      <![CDATA[before passed tests = 0]]>
    </line>
    <line>
      <![CDATA[after passed tests = 0]]>
    </line>
    <line>
      <![CDATA[name = beforeSkipped phase:  beforeTestConfiguration]]>
    </line>
    <line>
      <![CDATA[before passed tests = 0]]>
    </line>
    <line>
      <![CDATA[beforeSkipped]]>
    </line>
    <line>
      <![CDATA[after passed tests = 0]]>
    </line>
    <line>
      <![CDATA[onTestStart com.perfecto.reportium.testng.ParameterizedTest]]>
    </line>
    <line>
      <![CDATA[name = verifyData1 phase:  test]]>
    </line>
    <line>
      <![CDATA[before passed tests = 0]]>
    </line>
    <line>
      <![CDATA[Cedric 36]]>
    </line>
    <line>
      <![CDATA[onTestStart com.perfecto.reportium.testng.ParameterizedTest]]>
    </line>
    <line>
      <![CDATA[name = verifyData1 phase:  test]]>
    </line>
    <line>
      <![CDATA[before passed tests = 0]]>
    </line>
    <line>
      <![CDATA[Anne 37]]>
    </line>
    <line>
      <![CDATA[after passed tests = 2]]>
    </line>
    <line>
      <![CDATA[after passed tests = 2]]>
    </line>
    <line>
      <![CDATA[onTestSuccess com.perfecto.reportium.testng.ParameterizedTest]]>
    </line>
    <line>
      <![CDATA[onTestSuccess com.perfecto.reportium.testng.ParameterizedTest]]>
    </line>
    <line>
      <![CDATA[onTestStart com.perfecto.reportium.testng.wd.SeleniumTest]]>
    </line>
    <line>
      <![CDATA[name = cheese phase:  test]]>
    </line>
    <line>
      <![CDATA[before passed tests = 2]]>
    </line>
    <line>
      <![CDATA[after passed tests = 3]]>
    </line>
    <line>
      <![CDATA[onTestSuccess com.perfecto.reportium.testng.wd.SeleniumTest]]>
    </line>
    <line>
      <![CDATA[onTestStart com.perfecto.reportium.testng.TestHelloWorld]]>
    </line>
    <line>
      <![CDATA[name = test1 phase:  test]]>
    </line>
    <line>
      <![CDATA[before passed tests = 3]]>
    </line>
    <line>
      <![CDATA[after passed tests = 4]]>
    </line>
    <line>
      <![CDATA[onTestSuccess com.perfecto.reportium.testng.TestHelloWorld]]>
    </line>
    <line>
      <![CDATA[onTestStart com.perfecto.reportium.testng.TestHelloWorld]]>
    </line>
    <line>
      <![CDATA[name = test2 phase:  test]]>
    </line>
    <line>
      <![CDATA[before passed tests = 4]]>
    </line>
    <line>
      <![CDATA[after passed tests = 4]]>
    </line>
    <line>
      <![CDATA[onTestFailure com.perfecto.reportium.testng.TestHelloWorld]]>
    </line>
    <line>
      <![CDATA[onTestStart com.perfecto.reportium.testng.TestHelloWorld]]>
    </line>
    <line>
      <![CDATA[name = test3 phase:  test]]>
    </line>
    <line>
      <![CDATA[before passed tests = 4]]>
    </line>
    <line>
      <![CDATA[after passed tests = 5]]>
    </line>
    <line>
      <![CDATA[onTestSuccess com.perfecto.reportium.testng.TestHelloWorld]]>
    </line>
    <line>
      <![CDATA[onTestStart com.perfecto.reportium.testng.TestHelloWorld]]>
    </line>
    <line>
      <![CDATA[name = test3 phase:  test]]>
    </line>
    <line>
      <![CDATA[before passed tests = 5]]>
    </line>
    <line>
      <![CDATA[after passed tests = 6]]>
    </line>
    <line>
      <![CDATA[onTestSuccess com.perfecto.reportium.testng.TestHelloWorld]]>
    </line>
    <line>
      <![CDATA[onTestStart com.perfecto.reportium.testng.TestHelloWorld]]>
    </line>
    <line>
      <![CDATA[name = test3 phase:  test]]>
    </line>
    <line>
      <![CDATA[before passed tests = 6]]>
    </line>
    <line>
      <![CDATA[after passed tests = 7]]>
    </line>
    <line>
      <![CDATA[onTestSuccess com.perfecto.reportium.testng.TestHelloWorld]]>
    </line>
    <line>
      <![CDATA[onTestStart com.perfecto.reportium.testng.TestHelloWorld]]>
    </line>
    <line>
      <![CDATA[name = test4 phase:  test]]>
    </line>
    <line>
      <![CDATA[before passed tests = 7]]>
    </line>
    <line>
      <![CDATA[after passed tests = 8]]>
    </line>
    <line>
      <![CDATA[onTestSuccess com.perfecto.reportium.testng.TestHelloWorld]]>
    </line>
    <line>
      <![CDATA[onFinish Surefire test]]>
    </line>
    <line>
      <![CDATA[name = afterParameterizedTestSuite phase:  afterSuiteConfiguration]]>
    </line>
    <line>
      <![CDATA[before passed tests = 8]]>
    </line>
    <line>
      <![CDATA[after passed tests = 8]]>
    </line>
  </reporter-output>
  <suite name="Surefire suite" duration-ms="22" started-at="2016-03-21T14:02:15Z" finished-at="2016-03-21T14:02:15Z">
    <groups>
    </groups>
    <test name="Surefire test" duration-ms="22" started-at="2016-03-21T14:02:15Z" finished-at="2016-03-21T14:02:15Z">
      <class name="com.perfecto.reportium.testng.TestHelloWorld">
        <test-method status="PASS" signature="test1()[pri:0, instance:com.perfecto.reportium.testng.TestHelloWorld@19dfb72a]" name="test1" duration-ms="0" started-at="2016-03-21T16:02:15Z" finished-at="2016-03-21T16:02:15Z">
          <reporter-output>
            <line>
              <![CDATA[after passed tests = 4]]>
            </line>
            <line>
              <![CDATA[onTestSuccess com.perfecto.reportium.testng.TestHelloWorld]]>
            </line>
          </reporter-output>
        </test-method> <!-- test1 -->
        <test-method status="FAIL" signature="test2()[pri:0, instance:com.perfecto.reportium.testng.TestHelloWorld@19dfb72a]" name="test2" duration-ms="0" started-at="2016-03-21T16:02:15Z" finished-at="2016-03-21T16:02:15Z">
          <exception class="java.lang.AssertionError">
            <message>
              <![CDATA[Expected failure - str1 is different than str2 expected [str2] but found [str1]]]>
            </message>
            <full-stacktrace>
              <![CDATA[java.lang.AssertionError: Expected failure - str1 is different than str2 expected [str2] but found [str1]
	at org.testng.Assert.fail(Assert.java:94)
	at org.testng.Assert.failNotEquals(Assert.java:513)
	at org.testng.Assert.assertEqualsImpl(Assert.java:135)
	at org.testng.Assert.assertEquals(Assert.java:116)
	at org.testng.Assert.assertEquals(Assert.java:190)
	at com.perfecto.reportium.testng.TestHelloWorld.test2(TestHelloWorld.java:16)
	at sun.reflect.NativeMethodAccessorImpl.invoke0(Native Method)
	at sun.reflect.NativeMethodAccessorImpl.invoke(NativeMethodAccessorImpl.java:62)
	at sun.reflect.DelegatingMethodAccessorImpl.invoke(DelegatingMethodAccessorImpl.java:43)
	at java.lang.reflect.Method.invoke(Method.java:497)
	at org.testng.internal.MethodInvocationHelper.invokeMethod(MethodInvocationHelper.java:86)
	at org.testng.internal.Invoker.invokeMethod(Invoker.java:643)
	at org.testng.internal.Invoker.invokeTestMethod(Invoker.java:820)
	at org.testng.internal.Invoker.invokeTestMethods(Invoker.java:1128)
	at org.testng.internal.TestMethodWorker.invokeTestMethods(TestMethodWorker.java:129)
	at org.testng.internal.TestMethodWorker.run(TestMethodWorker.java:112)
	at org.testng.TestRunner.privateRun(TestRunner.java:782)
	at org.testng.TestRunner.run(TestRunner.java:632)
	at org.testng.SuiteRunner.runTest(SuiteRunner.java:366)
	at org.testng.SuiteRunner.runSequentially(SuiteRunner.java:361)
	at org.testng.SuiteRunner.privateRun(SuiteRunner.java:319)
	at org.testng.SuiteRunner.run(SuiteRunner.java:268)
	at org.testng.SuiteRunnerWorker.runSuite(SuiteRunnerWorker.java:52)
	at org.testng.SuiteRunnerWorker.run(SuiteRunnerWorker.java:86)
	at org.testng.TestNG.runSuitesSequentially(TestNG.java:1244)
	at org.testng.TestNG.runSuitesLocally(TestNG.java:1169)
	at org.testng.TestNG.run(TestNG.java:1064)
	at org.apache.maven.surefire.testng.TestNGExecutor.run(TestNGExecutor.java:132)
	at org.apache.maven.surefire.testng.TestNGDirectoryTestSuite.executeMulti(TestNGDirectoryTestSuite.java:193)
	at org.apache.maven.surefire.testng.TestNGDirectoryTestSuite.execute(TestNGDirectoryTestSuite.java:94)
	at org.apache.maven.surefire.testng.TestNGProvider.invoke(TestNGProvider.java:147)
	at org.apache.maven.surefire.booter.ForkedBooter.invokeProviderInSameClassLoader(ForkedBooter.java:290)
	at org.apache.maven.surefire.booter.ForkedBooter.runSuitesInProcess(ForkedBooter.java:242)
	at org.apache.maven.surefire.booter.ForkedBooter.main(ForkedBooter.java:121)
]]>
            </full-stacktrace>
          </exception> <!-- java.lang.AssertionError -->
          <reporter-output>
            <line>
              <![CDATA[after passed tests = 4]]>
            </line>
            <line>
              <![CDATA[onTestFailure com.perfecto.reportium.testng.TestHelloWorld]]>
            </line>
          </reporter-output>
        </test-method> <!-- test2 -->
        <test-method status="PASS" signature="test3()[pri:0, instance:com.perfecto.reportium.testng.TestHelloWorld@19dfb72a]" name="test3" duration-ms="0" started-at="2016-03-21T16:02:15Z" finished-at="2016-03-21T16:02:15Z">
          <reporter-output>
            <line>
              <![CDATA[after passed tests = 6]]>
            </line>
            <line>
              <![CDATA[onTestSuccess com.perfecto.reportium.testng.TestHelloWorld]]>
            </line>
          </reporter-output>
        </test-method> <!-- test3 -->
        <test-method status="PASS" signature="test3()[pri:0, instance:com.perfecto.reportium.testng.TestHelloWorld@19dfb72a]" name="test3" duration-ms="0" started-at="2016-03-21T16:02:15Z" finished-at="2016-03-21T16:02:15Z">
          <reporter-output>
            <line>
              <![CDATA[after passed tests = 5]]>
            </line>
            <line>
              <![CDATA[onTestSuccess com.perfecto.reportium.testng.TestHelloWorld]]>
            </line>
          </reporter-output>
        </test-method> <!-- test3 -->
        <test-method status="PASS" signature="test4()[pri:0, instance:com.perfecto.reportium.testng.TestHelloWorld@19dfb72a]" name="test4" duration-ms="0" started-at="2016-03-21T16:02:15Z" finished-at="2016-03-21T16:02:15Z">
          <exception class="java.lang.RuntimeException">
            <message>
              <![CDATA[Should not fail the test]]>
            </message>
            <full-stacktrace>
              <![CDATA[java.lang.RuntimeException: Should not fail the test
	at com.perfecto.reportium.testng.TestHelloWorld.test4(TestHelloWorld.java:27)
	at sun.reflect.NativeMethodAccessorImpl.invoke0(Native Method)
	at sun.reflect.NativeMethodAccessorImpl.invoke(NativeMethodAccessorImpl.java:62)
	at sun.reflect.DelegatingMethodAccessorImpl.invoke(DelegatingMethodAccessorImpl.java:43)
	at java.lang.reflect.Method.invoke(Method.java:497)
	at org.testng.internal.MethodInvocationHelper.invokeMethod(MethodInvocationHelper.java:86)
	at org.testng.internal.Invoker.invokeMethod(Invoker.java:643)
	at org.testng.internal.Invoker.invokeTestMethod(Invoker.java:820)
	at org.testng.internal.Invoker.invokeTestMethods(Invoker.java:1128)
	at org.testng.internal.TestMethodWorker.invokeTestMethods(TestMethodWorker.java:129)
	at org.testng.internal.TestMethodWorker.run(TestMethodWorker.java:112)
	at org.testng.TestRunner.privateRun(TestRunner.java:782)
	at org.testng.TestRunner.run(TestRunner.java:632)
	at org.testng.SuiteRunner.runTest(SuiteRunner.java:366)
	at org.testng.SuiteRunner.runSequentially(SuiteRunner.java:361)
	at org.testng.SuiteRunner.privateRun(SuiteRunner.java:319)
	at org.testng.SuiteRunner.run(SuiteRunner.java:268)
	at org.testng.SuiteRunnerWorker.runSuite(SuiteRunnerWorker.java:52)
	at org.testng.SuiteRunnerWorker.run(SuiteRunnerWorker.java:86)
	at org.testng.TestNG.runSuitesSequentially(TestNG.java:1244)
	at org.testng.TestNG.runSuitesLocally(TestNG.java:1169)
	at org.testng.TestNG.run(TestNG.java:1064)
	at org.apache.maven.surefire.testng.TestNGExecutor.run(TestNGExecutor.java:132)
	at org.apache.maven.surefire.testng.TestNGDirectoryTestSuite.executeMulti(TestNGDirectoryTestSuite.java:193)
	at org.apache.maven.surefire.testng.TestNGDirectoryTestSuite.execute(TestNGDirectoryTestSuite.java:94)
	at org.apache.maven.surefire.testng.TestNGProvider.invoke(TestNGProvider.java:147)
	at org.apache.maven.surefire.booter.ForkedBooter.invokeProviderInSameClassLoader(ForkedBooter.java:290)
	at org.apache.maven.surefire.booter.ForkedBooter.runSuitesInProcess(ForkedBooter.java:242)
	at org.apache.maven.surefire.booter.ForkedBooter.main(ForkedBooter.java:121)
]]>
            </full-stacktrace>
          </exception> <!-- java.lang.RuntimeException -->
          <reporter-output>
            <line>
              <![CDATA[after passed tests = 8]]>
            </line>
            <line>
              <![CDATA[onTestSuccess com.perfecto.reportium.testng.TestHelloWorld]]>
            </line>
          </reporter-output>
        </test-method> <!-- test4 -->
        <test-method status="PASS" signature="test3()[pri:0, instance:com.perfecto.reportium.testng.TestHelloWorld@19dfb72a]" name="test3" duration-ms="0" started-at="2016-03-21T16:02:15Z" finished-at="2016-03-21T16:02:15Z">
          <reporter-output>
            <line>
              <![CDATA[after passed tests = 7]]>
            </line>
            <line>
              <![CDATA[onTestSuccess com.perfecto.reportium.testng.TestHelloWorld]]>
            </line>
          </reporter-output>
        </test-method> <!-- test3 -->
      </class> <!-- com.perfecto.reportium.testng.TestHelloWorld -->
      <class name="com.perfecto.reportium.testng.ParameterizedTest">
        <test-method status="PASS" signature="setState()[pri:0, instance:com.perfecto.reportium.testng.ParameterizedTest@5b464ce8]" name="setState" is-config="true" duration-ms="0" started-at="2016-03-21T16:02:15Z" finished-at="2016-03-21T16:02:15Z">
          <reporter-output>
            <line>
              <![CDATA[after passed tests = 0]]>
            </line>
          </reporter-output>
        </test-method> <!-- setState -->
        <test-method status="PASS" signature="beforeSkipped()[pri:0, instance:com.perfecto.reportium.testng.SkippedTest@57829d67]" name="beforeSkipped" is-config="true" duration-ms="0" started-at="2016-03-21T16:02:15Z" finished-at="2016-03-21T16:02:15Z">
          <reporter-output>
            <line>
              <![CDATA[beforeSkipped]]>
            </line>
            <line>
              <![CDATA[after passed tests = 0]]>
            </line>
          </reporter-output>
        </test-method> <!-- beforeSkipped -->
        <test-method status="PASS" signature="verifyData1(java.lang.String, java.lang.Integer)[pri:0, instance:com.perfecto.reportium.testng.ParameterizedTest@5b464ce8]" name="verifyData1" duration-ms="2" started-at="2016-03-21T16:02:15Z" data-provider="test1" finished-at="2016-03-21T16:02:15Z">
          <params>
            <param index="0">
              <value>
                <![CDATA[Cedric]]>
              </value>
            </param>
            <param index="1">
              <value>
                <![CDATA[36]]>
              </value>
            </param>
          </params>
          <reporter-output>
            <line>
              <![CDATA[Cedric 36]]>
            </line>
            <line>
              <![CDATA[after passed tests = 2]]>
            </line>
            <line>
              <![CDATA[onTestSuccess com.perfecto.reportium.testng.ParameterizedTest]]>
            </line>
          </reporter-output>
        </test-method> <!-- verifyData1 -->
        <test-method status="PASS" signature="verifyData1(java.lang.String, java.lang.Integer)[pri:0, instance:com.perfecto.reportium.testng.ParameterizedTest@5b464ce8]" name="verifyData1" duration-ms="2" started-at="2016-03-21T16:02:15Z" data-provider="test1" finished-at="2016-03-21T16:02:15Z">
          <params>
            <param index="0">
              <value>
                <![CDATA[Anne]]>
              </value>
            </param>
            <param index="1">
              <value>
                <![CDATA[37]]>
              </value>
            </param>
          </params>
          <reporter-output>
            <line>
              <![CDATA[Anne 37]]>
            </line>
            <line>
              <![CDATA[after passed tests = 2]]>
            </line>
            <line>
              <![CDATA[onTestSuccess com.perfecto.reportium.testng.ParameterizedTest]]>
            </line>
          </reporter-output>
        </test-method> <!-- verifyData1 -->
        <test-method status="PASS" signature="afterParameterizedTestSuite()[pri:0, instance:com.perfecto.reportium.testng.ParameterizedTest@5b464ce8]" name="afterParameterizedTestSuite" is-config="true" duration-ms="1" started-at="2016-03-21T16:02:15Z" finished-at="2016-03-21T16:02:15Z">
          <reporter-output>
            <line>
              <![CDATA[after passed tests = 8]]>
            </line>
          </reporter-output>
        </test-method> <!-- afterParameterizedTestSuite -->
      </class> <!-- com.perfecto.reportium.testng.ParameterizedTest -->
      <class name="com.perfecto.reportium.testng.wd.SeleniumTest">
        <test-method status="PASS" signature="setup()[pri:0, instance:com.perfecto.reportium.testng.wd.SeleniumTest@30c7da1e]" name="setup" is-config="true" duration-ms="8" started-at="2016-03-21T16:02:15Z" finished-at="2016-03-21T16:02:15Z">
          <reporter-output>
            <line>
              <![CDATA[after passed tests = 0]]>
            </line>
          </reporter-output>
        </test-method> <!-- setup -->
        <test-method status="PASS" signature="cheese()[pri:0, instance:com.perfecto.reportium.testng.wd.SeleniumTest@30c7da1e]" name="cheese" duration-ms="1" started-at="2016-03-21T16:02:15Z" description="The &#039;hello world&#039; version of Selenium tests" finished-at="2016-03-21T16:02:15Z">
          <reporter-output>
            <line>
              <![CDATA[after passed tests = 3]]>
            </line>
            <line>
              <![CDATA[onTestSuccess com.perfecto.reportium.testng.wd.SeleniumTest]]>
            </line>
          </reporter-output>
        </test-method> <!-- cheese -->
      </class> <!-- com.perfecto.reportium.testng.wd.SeleniumTest -->
    </test> <!-- Surefire test -->
  </suite> <!-- Surefire suite -->
</testng-results>
